<?xml version="1.0" encoding="UTF-8"?>
<!-- Generated by org.testng.reporters.JUnitXMLReporter -->
<testsuite ignored="0" hostname="vishalshukla" failures="0" tests="1" name="Android" time="30.572" errors="0" timestamp="2025-07-09T17:59:56 IST">
  <testcase classname="com.briskpe.tests.LoginTest" name="@BeforeMethod setUp" time="29.281">
    <failure type="org.openqa.selenium.SessionNotCreatedException" message="Could not start a new session. Response code 500. Message: An unknown server-side error occurred while processing the command. Original error: No observatory URL matching to &amp;apos;/(Observatory listening on |An Observatory debugger and profiler on\s.+\sis available at: |The Dart VM service is listening on )((http|\/\/)[a-zA-Z0-9:/=_\-.\[\]]+)/&amp;apos; was found in the device log. Please make sure the application under test is configured properly according to https://github.com/appium/appium-flutter-driver#usage and that it does not crash on startup. 
Host info: host: &amp;apos;VISHALSHUKLA&amp;apos;, ip: &amp;apos;10.188.63.185&amp;apos;
Build info: version: &amp;apos;4.34.0&amp;apos;, revision: &amp;apos;707dcb4246*&amp;apos;
System info: os.name: &amp;apos;Windows 11&amp;apos;, os.arch: &amp;apos;amd64&amp;apos;, os.version: &amp;apos;10.0&amp;apos;, java.version: &amp;apos;17.0.12&amp;apos;
Driver info: io.appium.java_client.android.AndroidDriver
Command: [null, newSession {capabilities=[Capabilities {appium:appActivity: com.briskpe.sme_portal.Main..., appium:appPackage: com.briskpe.sme.mobile.staging, appium:automationName: Flutter, appium:noReset: true, appium:udid: RZ8M43K8GJY, platformName: ANDROID}]}]
Capabilities {appium:appActivity: com.briskpe.sme_portal.Main..., appium:appPackage: com.briskpe.sme.mobile.staging, appium:automationName: Flutter, appium:noReset: true, appium:udid: RZ8M43K8GJY, platformName: ANDROID}">
      <![CDATA[org.openqa.selenium.SessionNotCreatedException: Could not start a new session. Response code 500. Message: An unknown server-side error occurred while processing the command. Original error: No observatory URL matching to '/(Observatory listening on |An Observatory debugger and profiler on\s.+\sis available at: |The Dart VM service is listening on )((http|\/\/)[a-zA-Z0-9:/=_\-.\[\]]+)/' was found in the device log. Please make sure the application under test is configured properly according to https://github.com/appium/appium-flutter-driver#usage and that it does not crash on startup. 
Host info: host: 'VISHALSHUKLA', ip: '10.188.63.185'
Build info: version: '4.34.0', revision: '707dcb4246*'
System info: os.name: 'Windows 11', os.arch: 'amd64', os.version: '10.0', java.version: '17.0.12'
Driver info: io.appium.java_client.android.AndroidDriver
Command: [null, newSession {capabilities=[Capabilities {appium:appActivity: com.briskpe.sme_portal.Main..., appium:appPackage: com.briskpe.sme.mobile.staging, appium:automationName: Flutter, appium:noReset: true, appium:udid: RZ8M43K8GJY, platformName: ANDROID}]}]
Capabilities {appium:appActivity: com.briskpe.sme_portal.Main..., appium:appPackage: com.briskpe.sme.mobile.staging, appium:automationName: Flutter, appium:noReset: true, appium:udid: RZ8M43K8GJY, platformName: ANDROID}
at org.openqa.selenium.remote.ProtocolHandshake.createSession(ProtocolHandshake.java:114)
at org.openqa.selenium.remote.ProtocolHandshake.createSession(ProtocolHandshake.java:75)
at org.openqa.selenium.remote.ProtocolHandshake.createSession(ProtocolHandshake.java:61)
at io.appium.java_client.remote.AppiumCommandExecutor.createSession(AppiumCommandExecutor.java:179)
at io.appium.java_client.remote.AppiumCommandExecutor.execute(AppiumCommandExecutor.java:244)
at org.openqa.selenium.remote.RemoteWebDriver.execute(RemoteWebDriver.java:544)
at io.appium.java_client.AppiumDriver.startSession(AppiumDriver.java:313)
at org.openqa.selenium.remote.RemoteWebDriver.<init>(RemoteWebDriver.java:173)
at io.appium.java_client.AppiumDriver.<init>(AppiumDriver.java:101)
at io.appium.java_client.AppiumDriver.<init>(AppiumDriver.java:113)
at io.appium.java_client.android.AndroidDriver.<init>(AndroidDriver.java:109)
at com.briskpe.framework.core.DriverFactory.createAndroidDriver(DriverFactory.java:124)
at com.briskpe.framework.core.DriverFactory.createDriver(DriverFactory.java:53)
at com.briskpe.framework.core.DriverFactory.createDriver(DriverFactory.java:42)
at com.briskpe.tests.LoginTest.setUp(LoginTest.java:16)
at java.base/java.util.ArrayList.forEach(ArrayList.java:1511)
at java.base/java.util.concurrent.FutureTask.run(FutureTask.java:264)
at java.base/java.util.concurrent.ThreadPoolExecutor.runWorker(ThreadPoolExecutor.java:1136)
at java.base/java.util.concurrent.ThreadPoolExecutor$Worker.run(ThreadPoolExecutor.java:635)
at java.base/java.lang.Thread.run(Thread.java:842)
... Removed 21 stack frames]]>
    </failure>
  </testcase> <!-- @BeforeMethod setUp -->
  <testcase classname="com.briskpe.tests.LoginTest" name="shouldLoginWithValidMobile" time="0.0">
    <skipped/>
  </testcase> <!-- shouldLoginWithValidMobile -->
</testsuite> <!-- Android -->
