<?xml version="1.0" encoding="UTF-8"?>
<!-- Generated by org.testng.reporters.JUnitXMLReporter -->
<testsuite ignored="0" hostname="vishalshukla" failures="1" tests="1" name="iOS" time="20.241" errors="0" timestamp="2025-07-21T16:44:11 IST">
  <testcase classname="com.briskpe.tests.LoginTest" name="shouldLoginWithValidMobile" time="10.206">
    <failure type="java.lang.AssertionError" message="❌ Login tab not visible expected [true] but found [false]">
      <![CDATA[java.lang.AssertionError: ❌ Login tab not visible expected [true] but found [false]
at com.briskpe.tests.LoginTest.shouldLoginWithValidMobile(LoginTest.java:41)
at java.base/java.util.ArrayList.forEach(ArrayList.java:1511)
at java.base/java.util.concurrent.FutureTask.run(FutureTask.java:264)
at java.base/java.util.concurrent.ThreadPoolExecutor.runWorker(ThreadPoolExecutor.java:1136)
at java.base/java.util.concurrent.ThreadPoolExecutor$Worker.run(ThreadPoolExecutor.java:635)
at java.base/java.lang.Thread.run(Thread.java:842)
... Removed 20 stack frames]]>
    </failure>
  </testcase> <!-- shouldLoginWithValidMobile -->
</testsuite> <!-- iOS -->
