<?xml version="1.0" encoding="UTF-8"?>
<!-- Generated by org.testng.reporters.JUnitXMLReporter -->
<testsuite ignored="2" hostname="vishalshukla" failures="0" tests="4" name="iOS" time="1.976" errors="0" timestamp="2025-07-21T18:58:44 IST">
  <testcase classname="com.briskpe.tests.LoginTest" name="shouldLoginWithValidMobile" time="0.001">
    <skipped/>
  </testcase> <!-- shouldLoginWithValidMobile -->
  <testcase classname="com.briskpe.tests.LoginTest" name="shouldNotLoginWithInvalidMobileNumber" time="0.0">
    <skipped/>
  </testcase> <!-- shouldNotLoginWithInvalidMobileNumber -->
  <testcase classname="com.briskpe.tests.DashBoardTest" name="clickSkipButtonTest" time="0.0">
    <skipped/>
  </testcase> <!-- clickSkipButtonTest -->
  <testcase classname="com.briskpe.tests.DashBoardTest" name="verifyUserCanNavigateToSideMenuItems" time="0.0">
    <skipped/>
  </testcase> <!-- verifyUserCanNavigateToSideMenuItems -->
  <testcase classname="com.briskpe.tests.BaseTest" name="@AfterSuite endReport" time="0.0">
    <ignored/>
  </testcase> <!-- @AfterSuite endReport -->
  <testcase classname="com.briskpe.tests.BaseTest" name="@BeforeSuite startReport" time="0.0">
    <ignored/>
  </testcase> <!-- @BeforeSuite startReport -->
</testsuite> <!-- iOS -->
